[2.524s] Invoking command in '/home/jh/ros2_ws/build/picar_b2_base': DEBUGINFOD_URLS=https://debuginfod.ubuntu.com PYTHONPATH=/home/jh/ros2_ws/build/picar_b2_base/prefix_override:/usr/lib/python3/dist-packages/colcon_core/task/python/colcon_distutils_commands:/home/jh/ros2_ws/install/picar_b2_base/lib/python3.12/site-packages:${PYTHONPATH} /usr/bin/python3 -W ignore:setup.py install is deprecated -W ignore:easy_install command is deprecated setup.py develop --editable --build-directory /home/jh/ros2_ws/build/picar_b2_base/build --no-deps symlink_data
[3.007s] running develop
[3.284s] running egg_info
[3.311s] writing picar_b2_base.egg-info/PKG-INFO
[3.312s] writing dependency_links to picar_b2_base.egg-info/dependency_links.txt
[3.313s] writing entry points to picar_b2_base.egg-info/entry_points.txt
[3.314s] writing requirements to picar_b2_base.egg-info/requires.txt
[3.314s] writing top-level names to picar_b2_base.egg-info/top_level.txt
[3.372s] reading manifest file 'picar_b2_base.egg-info/SOURCES.txt'
[3.374s] writing manifest file 'picar_b2_base.egg-info/SOURCES.txt'
[3.407s] running build_ext
[3.407s] Creating /home/jh/ros2_ws/install/picar_b2_base/lib/python3.12/site-packages/picar-b2-base.egg-link (link to .)
[3.409s] Installing fake_odom_node script to /home/jh/ros2_ws/install/picar_b2_base/lib/picar_b2_base
[3.409s] Installing motor_node script to /home/jh/ros2_ws/install/picar_b2_base/lib/picar_b2_base
[3.409s] Installing steering_node script to /home/jh/ros2_ws/install/picar_b2_base/lib/picar_b2_base
[3.409s] Installing ultrasonic_node script to /home/jh/ros2_ws/install/picar_b2_base/lib/picar_b2_base
[3.410s] 
[3.410s] Installed /home/jh/ros2_ws/build/picar_b2_base
[3.410s] running symlink_data
[3.534s] Invoked command in '/home/jh/ros2_ws/build/picar_b2_base' returned '0': DEBUGINFOD_URLS=https://debuginfod.ubuntu.com PYTHONPATH=/home/jh/ros2_ws/build/picar_b2_base/prefix_override:/usr/lib/python3/dist-packages/colcon_core/task/python/colcon_distutils_commands:/home/jh/ros2_ws/install/picar_b2_base/lib/python3.12/site-packages:${PYTHONPATH} /usr/bin/python3 -W ignore:setup.py install is deprecated -W ignore:easy_install command is deprecated setup.py develop --editable --build-directory /home/jh/ros2_ws/build/picar_b2_base/build --no-deps symlink_data
