[01m[Kc++:[m[K [01;31m[Kfatal error: [m[KKilled signal terminated program cc1plus
compilation terminated.
gmake[2]: *** [CMakeFiles/cartographer_ros.dir/build.make:104: CMakeFiles/cartographer_ros.dir/src/msg_conversion.cpp.o] Error 1
gmake[2]: *** Waiting for unfinished jobs....
In file included from [01m[K/opt/ros/jazzy/include/cartographer/transform/transform.h:26[m[K,
                 from [01m[K/opt/ros/jazzy/include/cartographer/sensor/rangefinder_point.h:24[m[K,
                 from [01m[K/opt/ros/jazzy/include/cartographer/sensor/point_cloud.h:24[m[K,
                 from [01m[K/opt/ros/jazzy/include/cartographer/sensor/compressed_point_cloud.h:25[m[K,
                 from [01m[K/opt/ros/jazzy/include/cartographer/sensor/range_data.h:21[m[K,
                 from [01m[K/opt/ros/jazzy/include/cartographer/mapping/trajectory_node.h:27[m[K,
                 from [01m[K/opt/ros/jazzy/include/cartographer/mapping/submaps.h:30[m[K,
                 from [01m[K/opt/ros/jazzy/include/cartographer/mapping/pose_graph_interface.h:25[m[K,
                 from [01m[K/opt/ros/jazzy/include/cartographer/mapping/map_builder_interface.h:29[m[K,
                 from [01m[K/home/jh/ros2_ws/src/cartographer_ros/cartographer_ros/include/cartographer_ros/node.h:29[m[K,
                 from [01m[K/home/jh/ros2_ws/src/cartographer_ros/cartographer_ros/src/node.cpp:17[m[K:
/opt/ros/jazzy/include/cartographer/transform/rigid_transform.h: In instantiation of ‘[01m[Kcartographer::transform::Rigid2<FloatType>::Rotation2D cartographer::transform::Rigid2<FloatType>::[01;32m[Krotation[m[K() const [35m[K[with FloatType = double; Rotation2D = Eigen::Rotation2D<double>][m[K[m[K’:
[01m[K/opt/ros/jazzy/include/cartographer/transform/transform.h:113:45:[m[K   required from ‘[01m[Kcartographer::transform::Rigid3<FloatType> cartographer::transform::[01;32m[KEmbed3D[m[K(const Rigid2<FloatType>&) [35m[K[with T = double][m[K[m[K’
[01m[K/home/jh/ros2_ws/src/cartographer_ros/cartographer_ros/src/node.cpp:306:41:[m[K   required from here
[01m[K/opt/ros/jazzy/include/cartographer/transform/rigid_transform.h:68:14:[m[K [01;36m[Knote: [m[Kparameter passing for argument of type ‘[01m[KEigen::Rotation2D<double>[m[K’ when C++17 is enabled changed to match C++14 ]8;;https://gcc.gnu.org/gcc-10/changes.html#empty_basein GCC 10.1]8;;
   68 |   Rotation2D [01;36m[Krotation[m[K() const { return rotation_; }
      |              [01;36m[K^~~~~~~~[m[K
gmake[1]: *** [CMakeFiles/Makefile2:151: CMakeFiles/cartographer_ros.dir/all] Error 2
gmake: *** [Makefile:146: all] Error 2
