[1.928s] Invoking command in '/home/jh/ros2_ws/build/picar_b2_base': DEBUGINFOD_URLS=https://debuginfod.ubuntu.com PYTHONPATH=/home/jh/ros2_ws/build/picar_b2_base/prefix_override:/usr/lib/python3/dist-packages/colcon_core/task/python/colcon_distutils_commands:/home/jh/ros2_ws/install/picar_b2_base/lib/python3.12/site-packages:${PYTHONPATH} /usr/bin/python3 -W ignore:setup.py install is deprecated -W ignore:easy_install command is deprecated setup.py develop --editable --build-directory /home/jh/ros2_ws/build/picar_b2_base/build --no-deps symlink_data
[2.532s] running develop
[2.877s] running egg_info
[2.906s] writing picar_b2_base.egg-info/PKG-INFO
[2.907s] writing dependency_links to picar_b2_base.egg-info/dependency_links.txt
[2.908s] writing entry points to picar_b2_base.egg-info/entry_points.txt
[2.908s] writing requirements to picar_b2_base.egg-info/requires.txt
[2.909s] writing top-level names to picar_b2_base.egg-info/top_level.txt
[2.971s] reading manifest file 'picar_b2_base.egg-info/SOURCES.txt'
[2.973s] writing manifest file 'picar_b2_base.egg-info/SOURCES.txt'
[3.004s] running build_ext
[3.005s] Creating /home/jh/ros2_ws/install/picar_b2_base/lib/python3.12/site-packages/picar-b2-base.egg-link (link to .)
[3.006s] Installing fake_odom_node script to /home/jh/ros2_ws/install/picar_b2_base/lib/picar_b2_base
[3.006s] Installing motor_node script to /home/jh/ros2_ws/install/picar_b2_base/lib/picar_b2_base
[3.006s] Installing steering_node script to /home/jh/ros2_ws/install/picar_b2_base/lib/picar_b2_base
[3.006s] Installing ultrasonic_node script to /home/jh/ros2_ws/install/picar_b2_base/lib/picar_b2_base
[3.007s] 
[3.007s] Installed /home/jh/ros2_ws/build/picar_b2_base
[3.007s] running symlink_data
[3.104s] Invoked command in '/home/jh/ros2_ws/build/picar_b2_base' returned '0': DEBUGINFOD_URLS=https://debuginfod.ubuntu.com PYTHONPATH=/home/jh/ros2_ws/build/picar_b2_base/prefix_override:/usr/lib/python3/dist-packages/colcon_core/task/python/colcon_distutils_commands:/home/jh/ros2_ws/install/picar_b2_base/lib/python3.12/site-packages:${PYTHONPATH} /usr/bin/python3 -W ignore:setup.py install is deprecated -W ignore:easy_install command is deprecated setup.py develop --editable --build-directory /home/jh/ros2_ws/build/picar_b2_base/build --no-deps symlink_data
