[1.757s] Invoking command in '/home/jh/ros2_ws/build/picar_b2_base': DEBUGINFOD_URLS=https://debuginfod.ubuntu.com PYTHONPATH=/home/jh/ros2_ws/build/picar_b2_base/prefix_override:/usr/lib/python3/dist-packages/colcon_core/task/python/colcon_distutils_commands:/home/jh/ros2_ws/install/picar_b2_base/lib/python3.12/site-packages:${PYTHONPATH} /usr/bin/python3 -W ignore:setup.py install is deprecated -W ignore:easy_install command is deprecated setup.py develop --editable --build-directory /home/jh/ros2_ws/build/picar_b2_base/build --no-deps symlink_data
[2.230s] running develop
[2.527s] running egg_info
[2.556s] writing picar_b2_base.egg-info/PKG-INFO
[2.556s] writing dependency_links to picar_b2_base.egg-info/dependency_links.txt
[2.559s] writing entry points to picar_b2_base.egg-info/entry_points.txt
[2.560s] writing requirements to picar_b2_base.egg-info/requires.txt
[2.562s] writing top-level names to picar_b2_base.egg-info/top_level.txt
[2.622s] reading manifest file 'picar_b2_base.egg-info/SOURCES.txt'
[2.623s] writing manifest file 'picar_b2_base.egg-info/SOURCES.txt'
[2.653s] running build_ext
[2.654s] Creating /home/jh/ros2_ws/install/picar_b2_base/lib/python3.12/site-packages/picar-b2-base.egg-link (link to .)
[2.655s] Installing fake_odom_node script to /home/jh/ros2_ws/install/picar_b2_base/lib/picar_b2_base
[2.656s] Installing motor_node script to /home/jh/ros2_ws/install/picar_b2_base/lib/picar_b2_base
[2.656s] Installing steering_node script to /home/jh/ros2_ws/install/picar_b2_base/lib/picar_b2_base
[2.657s] Installing ultrasonic_node script to /home/jh/ros2_ws/install/picar_b2_base/lib/picar_b2_base
[2.657s] 
[2.657s] Installed /home/jh/ros2_ws/build/picar_b2_base
[2.657s] running symlink_data
[2.657s] symbolically linking /home/jh/ros2_ws/build/picar_b2_base/launch/robot_bringup.launch.py -> /home/jh/ros2_ws/install/picar_b2_base/share/picar_b2_base
[2.746s] Invoked command in '/home/jh/ros2_ws/build/picar_b2_base' returned '0': DEBUGINFOD_URLS=https://debuginfod.ubuntu.com PYTHONPATH=/home/jh/ros2_ws/build/picar_b2_base/prefix_override:/usr/lib/python3/dist-packages/colcon_core/task/python/colcon_distutils_commands:/home/jh/ros2_ws/install/picar_b2_base/lib/python3.12/site-packages:${PYTHONPATH} /usr/bin/python3 -W ignore:setup.py install is deprecated -W ignore:easy_install command is deprecated setup.py develop --editable --build-directory /home/jh/ros2_ws/build/picar_b2_base/build --no-deps symlink_data
