running egg_info
creating ../../build/picar_b2_base/picar_b2_base.egg-info
writing ../../build/picar_b2_base/picar_b2_base.egg-info/PKG-INFO
writing dependency_links to ../../build/picar_b2_base/picar_b2_base.egg-info/dependency_links.txt
writing requirements to ../../build/picar_b2_base/picar_b2_base.egg-info/requires.txt
writing top-level names to ../../build/picar_b2_base/picar_b2_base.egg-info/top_level.txt
writing manifest file '../../build/picar_b2_base/picar_b2_base.egg-info/SOURCES.txt'
reading manifest file '../../build/picar_b2_base/picar_b2_base.egg-info/SOURCES.txt'
writing manifest file '../../build/picar_b2_base/picar_b2_base.egg-info/SOURCES.txt'
running build
running build_py
creating /home/jh/ros2_ws/build/picar_b2_base/build
creating /home/jh/ros2_ws/build/picar_b2_base/build/lib
creating /home/jh/ros2_ws/build/picar_b2_base/build/lib/picar_b2_base
copying picar_b2_base/__init__.py -> /home/jh/ros2_ws/build/picar_b2_base/build/lib/picar_b2_base
running install
running install_lib
creating /home/jh/ros2_ws/install/picar_b2_base/lib/python3.12/site-packages/picar_b2_base
copying /home/jh/ros2_ws/build/picar_b2_base/build/lib/picar_b2_base/__init__.py -> /home/jh/ros2_ws/install/picar_b2_base/lib/python3.12/site-packages/picar_b2_base
byte-compiling /home/jh/ros2_ws/install/picar_b2_base/lib/python3.12/site-packages/picar_b2_base/__init__.py to __init__.cpython-312.pyc
running install_data
creating /home/jh/ros2_ws/install/picar_b2_base/share/ament_index
creating /home/jh/ros2_ws/install/picar_b2_base/share/ament_index/resource_index
creating /home/jh/ros2_ws/install/picar_b2_base/share/ament_index/resource_index/packages
copying resource/picar_b2_base -> /home/jh/ros2_ws/install/picar_b2_base/share/ament_index/resource_index/packages
copying package.xml -> /home/jh/ros2_ws/install/picar_b2_base/share/picar_b2_base
running install_egg_info
Copying ../../build/picar_b2_base/picar_b2_base.egg-info to /home/jh/ros2_ws/install/picar_b2_base/lib/python3.12/site-packages/picar_b2_base-0.0.0-py3.12.egg-info
running install_scripts
writing list of installed files to '/home/jh/ros2_ws/build/picar_b2_base/install.log'
