[0.046s] Invoking command in '/home/jh/ros2_ws/build/cartographer_ros': AMENT_PREFIX_PATH=/home/jh/ros2_ws/install/cartographer_ros_msgs:${AMENT_PREFIX_PATH} CMAKE_PREFIX_PATH=/home/jh/ros2_ws/install/cartographer_ros_msgs:/home/jh/ros2_ws/install/rplidar_ros:/opt/ros/jazzy/opt/gz_math_vendor:/opt/ros/jazzy/opt/gz_utils_vendor:/opt/ros/jazzy/opt/gz_cmake_vendor:/home/jh/ros2_ws/install/picar_b2_base:/opt/ros/jazzy DEBUGINFOD_URLS=https://debuginfod.ubuntu.com LD_LIBRARY_PATH=/home/jh/ros2_ws/install/cartographer_ros_msgs/lib:${LD_LIBRARY_PATH} PYTHONPATH=/home/jh/ros2_ws/install/cartographer_ros_msgs/lib/python3.12/site-packages:${PYTHONPATH} /usr/bin/cmake --build /home/jh/ros2_ws/build/cartographer_ros -- -j4 -l4
[0.313s] -- Found ament_cmake: 2.5.4 (/opt/ros/jazzy/share/ament_cmake/cmake)
[0.670s] -- Override CMake install command with custom implementation using symlinks instead of copying resources
[0.725s] -- Found builtin_interfaces: 2.0.2 (/opt/ros/jazzy/share/builtin_interfaces/cmake)
[0.784s] -- Found rosidl_generator_c: 4.6.5 (/opt/ros/jazzy/share/rosidl_generator_c/cmake)
[0.807s] -- Found rosidl_generator_cpp: 4.6.5 (/opt/ros/jazzy/share/rosidl_generator_cpp/cmake)
[0.836s] -- Using all available rosidl_typesupport_c: rosidl_typesupport_fastrtps_c;rosidl_typesupport_introspection_c
[0.867s] -- Using all available rosidl_typesupport_cpp: rosidl_typesupport_fastrtps_cpp;rosidl_typesupport_introspection_cpp
[1.129s] -- Found AMD headers in: /usr/include/suitesparse
[1.129s] -- Found AMD library: /usr/lib/aarch64-linux-gnu/libamd.so
[1.129s] -- Found CAMD headers in: /usr/include/suitesparse
[1.129s] -- Found CAMD library: /usr/lib/aarch64-linux-gnu/libcamd.so
[1.129s] -- Found CCOLAMD headers in: /usr/include/suitesparse
[1.130s] -- Found CCOLAMD library: /usr/lib/aarch64-linux-gnu/libccolamd.so
[1.130s] -- Found CHOLMOD headers in: /usr/include/suitesparse
[1.130s] -- Found CHOLMOD library: /usr/lib/aarch64-linux-gnu/libcholmod.so
[1.130s] -- Found COLAMD headers in: /usr/include/suitesparse
[1.130s] -- Found COLAMD library: /usr/lib/aarch64-linux-gnu/libcolamd.so
[1.130s] -- Found SPQR headers in: /usr/include/suitesparse
[1.130s] -- Found SPQR library: /usr/lib/aarch64-linux-gnu/libspqr.so
[1.130s] -- Found Config headers in: /usr/include/suitesparse
[1.130s] -- Found Config library: /usr/lib/aarch64-linux-gnu/libsuitesparseconfig.so
[1.133s] -- Found Intel Thread Building Blocks (TBB) library (2021.11 / ) include location: . Assuming SuiteSparseQR was compiled with TBB.
[1.133s] -- Adding librt to SuiteSparse_config libraries (required on Linux & Unix [not OSX] if SuiteSparse is compiled with timing).
[1.152s] -- Could NOT find METIS (missing: METIS_INCLUDE_DIR METIS_LIBRARY) 
[1.157s] -- Found required Ceres dependency: Eigen version 3.4.0 in /usr/share/eigen3/cmake
[1.163s] -- Found required Ceres dependency: glog
[1.164s] -- Found required Ceres dependency: gflags
[1.166s] -- Found Ceres version: 2.2.0 installed in: /usr with components: [EigenSparse, SparseLinearAlgebraLibrary, LAPACK, SuiteSparse, SchurSpecializations]
[1.172s] -- Found cartographer_ros_msgs: 2.0.9003 (/home/jh/ros2_ws/install/cartographer_ros_msgs/share/cartographer_ros_msgs/cmake)
[1.313s] -- Found nav_msgs: 5.3.6 (/opt/ros/jazzy/share/nav_msgs/cmake)
[1.416s] -- looking for PCL_COMMON
[1.418s] -- Found pcl_conversions: 2.6.2 (/opt/ros/jazzy/share/pcl_conversions/cmake)
[1.508s] -- Found rmw_implementation_cmake: 7.3.2 (/opt/ros/jazzy/share/rmw_implementation_cmake/cmake)
[1.514s] -- Found rmw_fastrtps_cpp: 8.4.2 (/opt/ros/jazzy/share/rmw_fastrtps_cpp/cmake)
[1.640s] -- Using RMW implementation 'rmw_fastrtps_cpp' as default
[1.872s] -- Found ros_environment: 4.2.1 (/opt/ros/jazzy/share/ros_environment/cmake)
[1.873s] -- Found rosbag2_cpp: 0.26.7 (/opt/ros/jazzy/share/rosbag2_cpp/cmake)
[1.917s] -- Setting yaml-cpp_DIR to: '/opt/ros/jazzy/share/yaml_cpp_vendor/cmake/../../../opt/yaml_cpp_vendor/share/cmake/yaml-cpp'
[1.921s] -- Found tf2: 0.36.10 (/opt/ros/jazzy/share/tf2/cmake)
[1.929s] -- Found tf2_eigen: 0.36.10 (/opt/ros/jazzy/share/tf2_eigen/cmake)
[2.129s] -- Found urdf: 2.10.0 (/opt/ros/jazzy/share/urdf/cmake)
[2.145s] -- Found visualization_msgs: 5.3.6 (/opt/ros/jazzy/share/visualization_msgs/cmake)
[2.377s] -- Configuring done (2.1s)
[2.639s] -- Generating done (0.2s)
[2.700s] -- Build files have been written to: /home/jh/ros2_ws/build/cartographer_ros
[3.025s] [  2%] [32mBuilding CXX object CMakeFiles/cartographer_ros.dir/src/msg_conversion.cpp.o[0m
[3.025s] [  8%] [32mBuilding CXX object CMakeFiles/cartographer_ros.dir/src/offline_node.cpp.o[0m
[3.026s] [  8%] [32mBuilding CXX object CMakeFiles/cartographer_ros.dir/src/playable_bag.cpp.o[0m
[3.027s] [ 11%] [32mBuilding CXX object CMakeFiles/cartographer_ros.dir/src/node_options.cpp.o[0m
[11.726s] [ 14%] [32mBuilding CXX object CMakeFiles/cartographer_ros.dir/src/ros_log_sink.cpp.o[0m
[16.945s] [ 17%] [32mBuilding CXX object CMakeFiles/cartographer_ros.dir/src/ros_map.cpp.o[0m
[18.300s] [ 20%] [32mBuilding CXX object CMakeFiles/cartographer_ros.dir/src/ros_map_writing_points_processor.cpp.o[0m
[27.124s] [ 25%] [32mBuilding CXX object CMakeFiles/cartographer_ros.dir/src/submap.cpp.o[0m
[27.142s] [ 25%] [32mBuilding CXX object CMakeFiles/cartographer_ros.dir/src/sensor_bridge.cpp.o[0m
[28.936s] [ 28%] [32mBuilding CXX object CMakeFiles/cartographer_ros.dir/src/tf_bridge.cpp.o[0m
[36.909s] [ 31%] [32mBuilding CXX object CMakeFiles/cartographer_ros.dir/src/time_conversion.cpp.o[0m
[43.824s] [ 34%] [32mBuilding CXX object CMakeFiles/cartographer_ros.dir/src/trajectory_options.cpp.o[0m
[43.867s] [ 37%] [32mBuilding CXX object CMakeFiles/cartographer_ros.dir/src/urdf_reader.cpp.o[0m
[45.025s] [ 40%] [32mBuilding CXX object CMakeFiles/cartographer_ros.dir/src/metrics/family_factory.cpp.o[0m
[45.412s] [ 42%] [32mBuilding CXX object CMakeFiles/cartographer_ros.dir/src/metrics/internal/family.cpp.o[0m
[47.851s] [ 45%] [32mBuilding CXX object CMakeFiles/cartographer_ros.dir/src/metrics/internal/histogram.cpp.o[0m
[56.605s] [ 48%] [32m[1mLinking CXX shared library libcartographer_ros.so[0m
[65.513s] [ 60%] Built target cartographer_ros
[65.609s] [ 62%] [32mBuilding CXX object CMakeFiles/cartographer_node.dir/src/node_main.cpp.o[0m
[65.610s] [ 68%] [32mBuilding CXX object CMakeFiles/cartographer_occupancy_grid_node.dir/src/occupancy_grid_node_main.cpp.o[0m
[65.610s] [ 68%] [32mBuilding CXX object CMakeFiles/cartographer_offline_node.dir/src/offline_node_main.cpp.o[0m
[65.617s] [ 71%] [32mBuilding CXX object CMakeFiles/cartographer_assets_writer.dir/src/assets_writer_main.cpp.o[0m
[82.421s] [ 74%] [32m[1mLinking CXX executable cartographer_offline_node[0m
[85.048s] [ 77%] [32m[1mLinking CXX executable cartographer_assets_writer[0m
[92.299s] [ 80%] [32m[1mLinking CXX executable cartographer_node[0m
[94.389s] [ 80%] Built target cartographer_offline_node
[94.487s] [ 82%] [32mBuilding CXX object CMakeFiles/cartographer_pbstream_map_publisher.dir/src/pbstream_map_publisher_main.cpp.o[0m
[95.041s] [ 82%] Built target cartographer_assets_writer
[95.121s] [ 85%] [32mBuilding CXX object CMakeFiles/cartographer_pbstream_to_ros_map.dir/src/pbstream_to_ros_map_main.cpp.o[0m
[99.941s] [ 85%] Built target cartographer_node
[99.993s] [ 88%] [32mBuilding CXX object CMakeFiles/cartographer_rosbag_validate.dir/src/rosbag_validate_main.cpp.o[0m
[105.124s] [ 91%] [32m[1mLinking CXX executable cartographer_occupancy_grid_node[0m
[111.921s] [ 91%] Built target cartographer_occupancy_grid_node
[114.395s] [ 94%] [32m[1mLinking CXX executable cartographer_pbstream_to_ros_map[0m
[120.106s] [ 94%] Built target cartographer_pbstream_to_ros_map
[120.336s] [ 97%] [32m[1mLinking CXX executable cartographer_pbstream_map_publisher[0m
[125.625s] [ 97%] Built target cartographer_pbstream_map_publisher
[127.203s] [100%] [32m[1mLinking CXX executable cartographer_rosbag_validate[0m
[132.052s] [100%] Built target cartographer_rosbag_validate
[132.256s] Invoked command in '/home/jh/ros2_ws/build/cartographer_ros' returned '0': AMENT_PREFIX_PATH=/home/jh/ros2_ws/install/cartographer_ros_msgs:${AMENT_PREFIX_PATH} CMAKE_PREFIX_PATH=/home/jh/ros2_ws/install/cartographer_ros_msgs:/home/jh/ros2_ws/install/rplidar_ros:/opt/ros/jazzy/opt/gz_math_vendor:/opt/ros/jazzy/opt/gz_utils_vendor:/opt/ros/jazzy/opt/gz_cmake_vendor:/home/jh/ros2_ws/install/picar_b2_base:/opt/ros/jazzy DEBUGINFOD_URLS=https://debuginfod.ubuntu.com LD_LIBRARY_PATH=/home/jh/ros2_ws/install/cartographer_ros_msgs/lib:${LD_LIBRARY_PATH} PYTHONPATH=/home/jh/ros2_ws/install/cartographer_ros_msgs/lib/python3.12/site-packages:${PYTHONPATH} /usr/bin/cmake --build /home/jh/ros2_ws/build/cartographer_ros -- -j4 -l4
[132.413s] Invoking command in '/home/jh/ros2_ws/build/cartographer_ros': AMENT_PREFIX_PATH=/home/jh/ros2_ws/install/cartographer_ros_msgs:${AMENT_PREFIX_PATH} CMAKE_PREFIX_PATH=/home/jh/ros2_ws/install/cartographer_ros_msgs:/home/jh/ros2_ws/install/rplidar_ros:/opt/ros/jazzy/opt/gz_math_vendor:/opt/ros/jazzy/opt/gz_utils_vendor:/opt/ros/jazzy/opt/gz_cmake_vendor:/home/jh/ros2_ws/install/picar_b2_base:/opt/ros/jazzy DEBUGINFOD_URLS=https://debuginfod.ubuntu.com LD_LIBRARY_PATH=/home/jh/ros2_ws/install/cartographer_ros_msgs/lib:${LD_LIBRARY_PATH} PYTHONPATH=/home/jh/ros2_ws/install/cartographer_ros_msgs/lib/python3.12/site-packages:${PYTHONPATH} /usr/bin/cmake --install /home/jh/ros2_ws/build/cartographer_ros
[132.433s] -- Install configuration: ""
[132.438s] -- Execute custom install script
[132.439s] -- Symlinking: /home/jh/ros2_ws/install/cartographer_ros/lib/cartographer_ros/cartographer_node
[132.458s] -- Symlinking: /home/jh/ros2_ws/install/cartographer_ros/lib/cartographer_ros/cartographer_occupancy_grid_node
[132.475s] -- Symlinking: /home/jh/ros2_ws/install/cartographer_ros/lib/cartographer_ros/cartographer_offline_node
[132.492s] -- Symlinking: /home/jh/ros2_ws/install/cartographer_ros/lib/cartographer_ros/cartographer_assets_writer
[132.509s] -- Symlinking: /home/jh/ros2_ws/install/cartographer_ros/lib/cartographer_ros/cartographer_pbstream_map_publisher
[132.527s] -- Symlinking: /home/jh/ros2_ws/install/cartographer_ros/lib/cartographer_ros/cartographer_pbstream_to_ros_map
[132.544s] -- Symlinking: /home/jh/ros2_ws/install/cartographer_ros/lib/cartographer_ros/cartographer_rosbag_validate
[132.564s] -- Symlinking: /home/jh/ros2_ws/install/cartographer_ros/include/cartographer_ros/cartographer_ros/assets_writer.h
[132.582s] -- Symlinking: /home/jh/ros2_ws/install/cartographer_ros/include/cartographer_ros/cartographer_ros/map_builder_bridge.h
[132.599s] -- Symlinking: /home/jh/ros2_ws/install/cartographer_ros/include/cartographer_ros/cartographer_ros/metrics/family_factory.h
[132.615s] -- Symlinking: /home/jh/ros2_ws/install/cartographer_ros/include/cartographer_ros/cartographer_ros/metrics/internal/counter.h
[132.634s] -- Symlinking: /home/jh/ros2_ws/install/cartographer_ros/include/cartographer_ros/cartographer_ros/metrics/internal/family.h
[132.650s] -- Symlinking: /home/jh/ros2_ws/install/cartographer_ros/include/cartographer_ros/cartographer_ros/metrics/internal/gauge.h
[132.667s] -- Symlinking: /home/jh/ros2_ws/install/cartographer_ros/include/cartographer_ros/cartographer_ros/metrics/internal/histogram.h
[132.683s] -- Symlinking: /home/jh/ros2_ws/install/cartographer_ros/include/cartographer_ros/cartographer_ros/msg_conversion.h
[132.700s] -- Symlinking: /home/jh/ros2_ws/install/cartographer_ros/include/cartographer_ros/cartographer_ros/node.h
[132.716s] -- Symlinking: /home/jh/ros2_ws/install/cartographer_ros/include/cartographer_ros/cartographer_ros/node_constants.h
[132.735s] -- Symlinking: /home/jh/ros2_ws/install/cartographer_ros/include/cartographer_ros/cartographer_ros/node_options.h
[132.751s] -- Symlinking: /home/jh/ros2_ws/install/cartographer_ros/include/cartographer_ros/cartographer_ros/offline_node.h
[132.768s] -- Symlinking: /home/jh/ros2_ws/install/cartographer_ros/include/cartographer_ros/cartographer_ros/playable_bag.h
[132.784s] -- Symlinking: /home/jh/ros2_ws/install/cartographer_ros/include/cartographer_ros/cartographer_ros/ros_log_sink.h
[132.801s] -- Symlinking: /home/jh/ros2_ws/install/cartographer_ros/include/cartographer_ros/cartographer_ros/ros_map.h
[132.817s] -- Symlinking: /home/jh/ros2_ws/install/cartographer_ros/include/cartographer_ros/cartographer_ros/ros_map_writing_points_processor.h
[132.836s] -- Symlinking: /home/jh/ros2_ws/install/cartographer_ros/include/cartographer_ros/cartographer_ros/sensor_bridge.h
[132.852s] -- Symlinking: /home/jh/ros2_ws/install/cartographer_ros/include/cartographer_ros/cartographer_ros/submap.h
[132.868s] -- Symlinking: /home/jh/ros2_ws/install/cartographer_ros/include/cartographer_ros/cartographer_ros/tf_bridge.h
[132.885s] -- Symlinking: /home/jh/ros2_ws/install/cartographer_ros/include/cartographer_ros/cartographer_ros/time_conversion.h
[132.901s] -- Symlinking: /home/jh/ros2_ws/install/cartographer_ros/include/cartographer_ros/cartographer_ros/trajectory_options.h
[132.919s] -- Symlinking: /home/jh/ros2_ws/install/cartographer_ros/include/cartographer_ros/cartographer_ros/urdf_reader.h
[132.939s] -- Symlinking: /home/jh/ros2_ws/install/cartographer_ros/share/cartographer_ros//configuration_files/assets_writer_backpack_2d.lua
[132.956s] -- Symlinking: /home/jh/ros2_ws/install/cartographer_ros/share/cartographer_ros//configuration_files/assets_writer_backpack_2d_ci.lua
[132.973s] -- Symlinking: /home/jh/ros2_ws/install/cartographer_ros/share/cartographer_ros//configuration_files/assets_writer_backpack_3d.lua
[132.989s] -- Symlinking: /home/jh/ros2_ws/install/cartographer_ros/share/cartographer_ros//configuration_files/assets_writer_ros_map.lua
[133.006s] -- Symlinking: /home/jh/ros2_ws/install/cartographer_ros/share/cartographer_ros//configuration_files/backpack_2d.lua
[133.023s] -- Symlinking: /home/jh/ros2_ws/install/cartographer_ros/share/cartographer_ros//configuration_files/backpack_2d_localization.lua
[133.041s] -- Symlinking: /home/jh/ros2_ws/install/cartographer_ros/share/cartographer_ros//configuration_files/backpack_2d_localization_evaluation.lua
[133.058s] -- Symlinking: /home/jh/ros2_ws/install/cartographer_ros/share/cartographer_ros//configuration_files/backpack_2d_server.lua
[133.075s] -- Symlinking: /home/jh/ros2_ws/install/cartographer_ros/share/cartographer_ros//configuration_files/backpack_3d.lua
[133.092s] -- Symlinking: /home/jh/ros2_ws/install/cartographer_ros/share/cartographer_ros//configuration_files/backpack_3d_localization.lua
[133.109s] -- Symlinking: /home/jh/ros2_ws/install/cartographer_ros/share/cartographer_ros//configuration_files/demo_2d.rviz
[133.126s] -- Symlinking: /home/jh/ros2_ws/install/cartographer_ros/share/cartographer_ros//configuration_files/demo_3d.rviz
[133.144s] -- Symlinking: /home/jh/ros2_ws/install/cartographer_ros/share/cartographer_ros//configuration_files/mir-100-mapping.lua
[133.161s] -- Symlinking: /home/jh/ros2_ws/install/cartographer_ros/share/cartographer_ros//configuration_files/pr2.lua
[133.177s] -- Symlinking: /home/jh/ros2_ws/install/cartographer_ros/share/cartographer_ros//configuration_files/revo_lds.lua
[133.194s] -- Symlinking: /home/jh/ros2_ws/install/cartographer_ros/share/cartographer_ros//configuration_files/taurob_tracker.lua
[133.211s] -- Symlinking: /home/jh/ros2_ws/install/cartographer_ros/share/cartographer_ros//configuration_files/transform.lua
[133.230s] -- Symlinking: /home/jh/ros2_ws/install/cartographer_ros/share/cartographer_ros//configuration_files/visualize_pbstream.lua
[133.247s] -- Symlinking: /home/jh/ros2_ws/install/cartographer_ros/share/cartographer_ros//urdf/backpack_2d.urdf
[133.264s] -- Symlinking: /home/jh/ros2_ws/install/cartographer_ros/share/cartographer_ros//urdf/backpack_3d.urdf
[133.281s] -- Symlinking: /home/jh/ros2_ws/install/cartographer_ros/share/cartographer_ros//urdf/mir-100.urdf
[133.298s] -- Symlinking: /home/jh/ros2_ws/install/cartographer_ros/share/cartographer_ros//launch/assets_writer_backpack_2d.launch.py
[133.315s] -- Symlinking: /home/jh/ros2_ws/install/cartographer_ros/share/cartographer_ros//launch/assets_writer_backpack_3d.launch.py
[133.334s] -- Symlinking: /home/jh/ros2_ws/install/cartographer_ros/share/cartographer_ros//launch/assets_writer_ros_map.launch.py
[133.350s] -- Symlinking: /home/jh/ros2_ws/install/cartographer_ros/share/cartographer_ros//launch/backpack_2d.launch.py
[133.367s] -- Symlinking: /home/jh/ros2_ws/install/cartographer_ros/share/cartographer_ros//launch/backpack_3d.launch.py
[133.384s] -- Symlinking: /home/jh/ros2_ws/install/cartographer_ros/share/cartographer_ros//launch/demo_backpack_2d.launch.py
[133.402s] -- Symlinking: /home/jh/ros2_ws/install/cartographer_ros/share/cartographer_ros//launch/demo_backpack_2d_localization.launch.py
[133.418s] -- Symlinking: /home/jh/ros2_ws/install/cartographer_ros/share/cartographer_ros//launch/demo_backpack_3d.launch.py
[133.438s] -- Symlinking: /home/jh/ros2_ws/install/cartographer_ros/share/cartographer_ros//launch/demo_backpack_3d_localization.launch.py
[133.455s] -- Symlinking: /home/jh/ros2_ws/install/cartographer_ros/share/cartographer_ros//launch/demo_pr2.launch
[133.471s] -- Symlinking: /home/jh/ros2_ws/install/cartographer_ros/share/cartographer_ros//launch/demo_revo_lds.launch.py
[133.489s] -- Symlinking: /home/jh/ros2_ws/install/cartographer_ros/share/cartographer_ros//launch/demo_taurob_tracker.launch.py
[133.506s] -- Symlinking: /home/jh/ros2_ws/install/cartographer_ros/share/cartographer_ros//launch/grpc_demo_backpack_2d.launch
[133.523s] -- Symlinking: /home/jh/ros2_ws/install/cartographer_ros/share/cartographer_ros//launch/grpc_demo_backpack_2d_localization.launch
[133.542s] -- Symlinking: /home/jh/ros2_ws/install/cartographer_ros/share/cartographer_ros//launch/offline_backpack_2d.launch.py
[133.559s] -- Symlinking: /home/jh/ros2_ws/install/cartographer_ros/share/cartographer_ros//launch/offline_backpack_3d.launch.py
[133.575s] -- Symlinking: /home/jh/ros2_ws/install/cartographer_ros/share/cartographer_ros//launch/offline_mir_100_rviz.launch.py
[133.592s] -- Symlinking: /home/jh/ros2_ws/install/cartographer_ros/share/cartographer_ros//launch/offline_node.launch.py
[133.610s] -- Symlinking: /home/jh/ros2_ws/install/cartographer_ros/share/cartographer_ros//launch/taurob_tracker.launch.py
[133.626s] -- Symlinking: /home/jh/ros2_ws/install/cartographer_ros/share/cartographer_ros//launch/visualize_pbstream.launch.py
[133.651s] -- Symlinking: /home/jh/ros2_ws/install/cartographer_ros/share/cartographer_ros/environment/library_path.sh
[133.670s] -- Symlinking: /home/jh/ros2_ws/install/cartographer_ros/share/cartographer_ros/environment/library_path.dsv
[133.689s] -- Symlinking: /home/jh/ros2_ws/install/cartographer_ros/share/ament_index/resource_index/package_run_dependencies/cartographer_ros
[133.707s] -- Symlinking: /home/jh/ros2_ws/install/cartographer_ros/share/ament_index/resource_index/parent_prefix_path/cartographer_ros
[133.728s] -- Symlinking: /home/jh/ros2_ws/install/cartographer_ros/share/cartographer_ros/environment/ament_prefix_path.sh
[133.746s] -- Symlinking: /home/jh/ros2_ws/install/cartographer_ros/share/cartographer_ros/environment/ament_prefix_path.dsv
[133.763s] -- Symlinking: /home/jh/ros2_ws/install/cartographer_ros/share/cartographer_ros/environment/path.sh
[133.780s] -- Symlinking: /home/jh/ros2_ws/install/cartographer_ros/share/cartographer_ros/environment/path.dsv
[133.797s] -- Symlinking: /home/jh/ros2_ws/install/cartographer_ros/share/cartographer_ros/local_setup.bash
[133.814s] -- Symlinking: /home/jh/ros2_ws/install/cartographer_ros/share/cartographer_ros/local_setup.sh
[133.832s] -- Symlinking: /home/jh/ros2_ws/install/cartographer_ros/share/cartographer_ros/local_setup.zsh
[133.849s] -- Symlinking: /home/jh/ros2_ws/install/cartographer_ros/share/cartographer_ros/local_setup.dsv
[133.865s] -- Symlinking: /home/jh/ros2_ws/install/cartographer_ros/share/cartographer_ros/package.dsv
[133.884s] -- Symlinking: /home/jh/ros2_ws/install/cartographer_ros/share/ament_index/resource_index/packages/cartographer_ros
[133.902s] -- Symlinking: /home/jh/ros2_ws/install/cartographer_ros/share/cartographer_ros/cmake/ament_cmake_export_targets-extras.cmake
[133.919s] -- Symlinking: /home/jh/ros2_ws/install/cartographer_ros/share/cartographer_ros/cmake/ament_cmake_export_include_directories-extras.cmake
[133.938s] -- Symlinking: /home/jh/ros2_ws/install/cartographer_ros/share/cartographer_ros/cmake/ament_cmake_export_libraries-extras.cmake
[133.956s] -- Symlinking: /home/jh/ros2_ws/install/cartographer_ros/share/cartographer_ros/cmake/ament_cmake_export_dependencies-extras.cmake
[133.973s] -- Symlinking: /home/jh/ros2_ws/install/cartographer_ros/share/cartographer_ros/cmake/cartographer_rosConfig.cmake
[133.990s] -- Symlinking: /home/jh/ros2_ws/install/cartographer_ros/share/cartographer_ros/cmake/cartographer_rosConfig-version.cmake
[134.007s] -- Symlinking: /home/jh/ros2_ws/install/cartographer_ros/share/cartographer_ros/package.xml
[134.025s] -- Installing: /home/jh/ros2_ws/install/cartographer_ros/lib/libcartographer_ros.so
[134.378s] -- Set non-toolchain portion of runtime path of "/home/jh/ros2_ws/install/cartographer_ros/lib/libcartographer_ros.so" to ""
[134.378s] -- Installing: /home/jh/ros2_ws/install/cartographer_ros/share/cartographer_ros/cmake/cartographer_rosExport.cmake
[134.379s] -- Installing: /home/jh/ros2_ws/install/cartographer_ros/share/cartographer_ros/cmake/cartographer_rosExport-noconfig.cmake
[134.394s] Invoked command in '/home/jh/ros2_ws/build/cartographer_ros' returned '0': AMENT_PREFIX_PATH=/home/jh/ros2_ws/install/cartographer_ros_msgs:${AMENT_PREFIX_PATH} CMAKE_PREFIX_PATH=/home/jh/ros2_ws/install/cartographer_ros_msgs:/home/jh/ros2_ws/install/rplidar_ros:/opt/ros/jazzy/opt/gz_math_vendor:/opt/ros/jazzy/opt/gz_utils_vendor:/opt/ros/jazzy/opt/gz_cmake_vendor:/home/jh/ros2_ws/install/picar_b2_base:/opt/ros/jazzy DEBUGINFOD_URLS=https://debuginfod.ubuntu.com LD_LIBRARY_PATH=/home/jh/ros2_ws/install/cartographer_ros_msgs/lib:${LD_LIBRARY_PATH} PYTHONPATH=/home/jh/ros2_ws/install/cartographer_ros_msgs/lib/python3.12/site-packages:${PYTHONPATH} /usr/bin/cmake --install /home/jh/ros2_ws/build/cartographer_ros
