[0.808s] DEBUG:colcon:Command line arguments: ['/usr/bin/colcon', 'build', '--symlink-install', '--packages-select', 'cartographer_ros']
[0.809s] DEBUG:colcon:Parsed command line arguments: Namespace(log_base=None, log_level=None, verb_name='build', build_base='build', install_base='install', merge_install=False, symlink_install=True, test_result_base=None, continue_on_error=False, executor='parallel', parallel_workers=4, event_handlers=None, ignore_user_meta=False, metas=['./colcon.meta'], base_paths=['.'], packages_ignore=None, packages_ignore_regex=None, paths=None, packages_up_to=None, packages_up_to_regex=None, packages_above=None, packages_above_and_dependencies=None, packages_above_depth=None, packages_select_by_dep=None, packages_skip_by_dep=None, packages_skip_up_to=None, packages_select_build_failed=False, packages_skip_build_finished=False, packages_select_test_failures=False, packages_skip_test_passed=False, packages_select=['cartographer_ros'], packages_skip=None, packages_select_regex=None, packages_skip_regex=None, packages_start=None, packages_end=None, allow_overriding=[], cmake_args=None, cmake_target=None, cmake_target_skip_unavailable=False, cmake_clean_cache=False, cmake_clean_first=False, cmake_force_configure=False, ament_cmake_args=None, catkin_cmake_args=None, catkin_skip_building_tests=False, mixin_files=None, mixin=None, verb_parser=<colcon_mixin.mixin.mixin_argument.MixinArgumentDecorator object at 0xffff95bad6a0>, verb_extension=<colcon_core.verb.build.BuildVerb object at 0xffff95b7fb60>, main=<bound method BuildVerb.main of <colcon_core.verb.build.BuildVerb object at 0xffff95b7fb60>>, mixin_verb=('build',))
[0.940s] Level 1:colcon.colcon_core.package_discovery:discover_packages(colcon_meta) check parameters
[0.941s] Level 1:colcon.colcon_core.package_discovery:discover_packages(recursive) check parameters
[0.941s] Level 1:colcon.colcon_core.package_discovery:discover_packages(ignore) check parameters
[0.941s] Level 1:colcon.colcon_core.package_discovery:discover_packages(path) check parameters
[0.941s] Level 1:colcon.colcon_core.package_discovery:discover_packages(colcon_meta) discover
[0.941s] Level 1:colcon.colcon_core.package_discovery:discover_packages(recursive) discover
[0.941s] INFO:colcon.colcon_core.package_discovery:Crawling recursively for packages in '/home/jh/ros2_ws'
[0.941s] Level 1:colcon.colcon_core.package_identification:_identify(.) by extensions ['ignore', 'ignore_ament_install']
[0.941s] Level 1:colcon.colcon_core.package_identification:_identify(.) by extension 'ignore'
[0.941s] Level 1:colcon.colcon_core.package_identification:_identify(.) by extension 'ignore_ament_install'
[0.941s] Level 1:colcon.colcon_core.package_identification:_identify(.) by extensions ['colcon_pkg']
[0.941s] Level 1:colcon.colcon_core.package_identification:_identify(.) by extension 'colcon_pkg'
[0.941s] Level 1:colcon.colcon_core.package_identification:_identify(.) by extensions ['colcon_meta']
[0.942s] Level 1:colcon.colcon_core.package_identification:_identify(.) by extension 'colcon_meta'
[0.942s] Level 1:colcon.colcon_core.package_identification:_identify(.) by extensions ['ros']
[0.942s] Level 1:colcon.colcon_core.package_identification:_identify(.) by extension 'ros'
[1.009s] Level 1:colcon.colcon_core.package_identification:_identify(.) by extensions ['cmake', 'python']
[1.009s] Level 1:colcon.colcon_core.package_identification:_identify(.) by extension 'cmake'
[1.009s] Level 1:colcon.colcon_core.package_identification:_identify(.) by extension 'python'
[1.009s] Level 1:colcon.colcon_core.package_identification:_identify(.) by extensions ['python_setup_py']
[1.009s] Level 1:colcon.colcon_core.package_identification:_identify(.) by extension 'python_setup_py'
[1.010s] Level 1:colcon.colcon_core.package_identification:_identify(build) by extensions ['ignore', 'ignore_ament_install']
[1.010s] Level 1:colcon.colcon_core.package_identification:_identify(build) by extension 'ignore'
[1.010s] Level 1:colcon.colcon_core.package_identification:_identify(build) ignored
[1.010s] Level 1:colcon.colcon_core.package_identification:_identify(install) by extensions ['ignore', 'ignore_ament_install']
[1.010s] Level 1:colcon.colcon_core.package_identification:_identify(install) by extension 'ignore'
[1.010s] Level 1:colcon.colcon_core.package_identification:_identify(install) ignored
[1.014s] Level 1:colcon.colcon_core.package_identification:_identify(log) by extensions ['ignore', 'ignore_ament_install']
[1.014s] Level 1:colcon.colcon_core.package_identification:_identify(log) by extension 'ignore'
[1.014s] Level 1:colcon.colcon_core.package_identification:_identify(log) ignored
[1.014s] Level 1:colcon.colcon_core.package_identification:_identify(src) by extensions ['ignore', 'ignore_ament_install']
[1.014s] Level 1:colcon.colcon_core.package_identification:_identify(src) by extension 'ignore'
[1.014s] Level 1:colcon.colcon_core.package_identification:_identify(src) by extension 'ignore_ament_install'
[1.014s] Level 1:colcon.colcon_core.package_identification:_identify(src) by extensions ['colcon_pkg']
[1.014s] Level 1:colcon.colcon_core.package_identification:_identify(src) by extension 'colcon_pkg'
[1.014s] Level 1:colcon.colcon_core.package_identification:_identify(src) by extensions ['colcon_meta']
[1.014s] Level 1:colcon.colcon_core.package_identification:_identify(src) by extension 'colcon_meta'
[1.014s] Level 1:colcon.colcon_core.package_identification:_identify(src) by extensions ['ros']
[1.014s] Level 1:colcon.colcon_core.package_identification:_identify(src) by extension 'ros'
[1.014s] Level 1:colcon.colcon_core.package_identification:_identify(src) by extensions ['cmake', 'python']
[1.014s] Level 1:colcon.colcon_core.package_identification:_identify(src) by extension 'cmake'
[1.015s] Level 1:colcon.colcon_core.package_identification:_identify(src) by extension 'python'
[1.015s] Level 1:colcon.colcon_core.package_identification:_identify(src) by extensions ['python_setup_py']
[1.015s] Level 1:colcon.colcon_core.package_identification:_identify(src) by extension 'python_setup_py'
[1.015s] Level 1:colcon.colcon_core.package_identification:_identify(src/cartographer_ros) by extensions ['ignore', 'ignore_ament_install']
[1.015s] Level 1:colcon.colcon_core.package_identification:_identify(src/cartographer_ros) by extension 'ignore'
[1.015s] Level 1:colcon.colcon_core.package_identification:_identify(src/cartographer_ros) by extension 'ignore_ament_install'
[1.015s] Level 1:colcon.colcon_core.package_identification:_identify(src/cartographer_ros) by extensions ['colcon_pkg']
[1.015s] Level 1:colcon.colcon_core.package_identification:_identify(src/cartographer_ros) by extension 'colcon_pkg'
[1.015s] Level 1:colcon.colcon_core.package_identification:_identify(src/cartographer_ros) by extensions ['colcon_meta']
[1.015s] Level 1:colcon.colcon_core.package_identification:_identify(src/cartographer_ros) by extension 'colcon_meta'
[1.015s] Level 1:colcon.colcon_core.package_identification:_identify(src/cartographer_ros) by extensions ['ros']
[1.015s] Level 1:colcon.colcon_core.package_identification:_identify(src/cartographer_ros) by extension 'ros'
[1.015s] Level 1:colcon.colcon_core.package_identification:_identify(src/cartographer_ros) by extensions ['cmake', 'python']
[1.015s] Level 1:colcon.colcon_core.package_identification:_identify(src/cartographer_ros) by extension 'cmake'
[1.015s] Level 1:colcon.colcon_core.package_identification:_identify(src/cartographer_ros) by extension 'python'
[1.015s] Level 1:colcon.colcon_core.package_identification:_identify(src/cartographer_ros) by extensions ['python_setup_py']
[1.015s] Level 1:colcon.colcon_core.package_identification:_identify(src/cartographer_ros) by extension 'python_setup_py'
[1.015s] Level 1:colcon.colcon_core.package_identification:_identify(src/cartographer_ros/cartographer_ros) by extensions ['ignore', 'ignore_ament_install']
[1.016s] Level 1:colcon.colcon_core.package_identification:_identify(src/cartographer_ros/cartographer_ros) by extension 'ignore'
[1.016s] Level 1:colcon.colcon_core.package_identification:_identify(src/cartographer_ros/cartographer_ros) by extension 'ignore_ament_install'
[1.016s] Level 1:colcon.colcon_core.package_identification:_identify(src/cartographer_ros/cartographer_ros) by extensions ['colcon_pkg']
[1.016s] Level 1:colcon.colcon_core.package_identification:_identify(src/cartographer_ros/cartographer_ros) by extension 'colcon_pkg'
[1.016s] Level 1:colcon.colcon_core.package_identification:_identify(src/cartographer_ros/cartographer_ros) by extensions ['colcon_meta']
[1.016s] Level 1:colcon.colcon_core.package_identification:_identify(src/cartographer_ros/cartographer_ros) by extension 'colcon_meta'
[1.016s] Level 1:colcon.colcon_core.package_identification:_identify(src/cartographer_ros/cartographer_ros) by extensions ['ros']
[1.016s] Level 1:colcon.colcon_core.package_identification:_identify(src/cartographer_ros/cartographer_ros) by extension 'ros'
[1.024s] DEBUG:colcon.colcon_core.package_identification:Package 'src/cartographer_ros/cartographer_ros' with type 'ros.ament_cmake' and name 'cartographer_ros'
[1.025s] Level 1:colcon.colcon_core.package_identification:_identify(src/cartographer_ros/cartographer_ros_msgs) by extensions ['ignore', 'ignore_ament_install']
[1.025s] Level 1:colcon.colcon_core.package_identification:_identify(src/cartographer_ros/cartographer_ros_msgs) by extension 'ignore'
[1.025s] Level 1:colcon.colcon_core.package_identification:_identify(src/cartographer_ros/cartographer_ros_msgs) by extension 'ignore_ament_install'
[1.025s] Level 1:colcon.colcon_core.package_identification:_identify(src/cartographer_ros/cartographer_ros_msgs) by extensions ['colcon_pkg']
[1.025s] Level 1:colcon.colcon_core.package_identification:_identify(src/cartographer_ros/cartographer_ros_msgs) by extension 'colcon_pkg'
[1.025s] Level 1:colcon.colcon_core.package_identification:_identify(src/cartographer_ros/cartographer_ros_msgs) by extensions ['colcon_meta']
[1.025s] Level 1:colcon.colcon_core.package_identification:_identify(src/cartographer_ros/cartographer_ros_msgs) by extension 'colcon_meta'
[1.026s] Level 1:colcon.colcon_core.package_identification:_identify(src/cartographer_ros/cartographer_ros_msgs) by extensions ['ros']
[1.026s] Level 1:colcon.colcon_core.package_identification:_identify(src/cartographer_ros/cartographer_ros_msgs) by extension 'ros'
[1.027s] DEBUG:colcon.colcon_core.package_identification:Package 'src/cartographer_ros/cartographer_ros_msgs' with type 'ros.ament_cmake' and name 'cartographer_ros_msgs'
[1.028s] Level 1:colcon.colcon_core.package_identification:_identify(src/cartographer_ros/cartographer_rviz) by extensions ['ignore', 'ignore_ament_install']
[1.028s] Level 1:colcon.colcon_core.package_identification:_identify(src/cartographer_ros/cartographer_rviz) by extension 'ignore'
[1.028s] Level 1:colcon.colcon_core.package_identification:_identify(src/cartographer_ros/cartographer_rviz) by extension 'ignore_ament_install'
[1.028s] Level 1:colcon.colcon_core.package_identification:_identify(src/cartographer_ros/cartographer_rviz) by extensions ['colcon_pkg']
[1.028s] Level 1:colcon.colcon_core.package_identification:_identify(src/cartographer_ros/cartographer_rviz) by extension 'colcon_pkg'
[1.028s] Level 1:colcon.colcon_core.package_identification:_identify(src/cartographer_ros/cartographer_rviz) by extensions ['colcon_meta']
[1.028s] Level 1:colcon.colcon_core.package_identification:_identify(src/cartographer_ros/cartographer_rviz) by extension 'colcon_meta'
[1.028s] Level 1:colcon.colcon_core.package_identification:_identify(src/cartographer_ros/cartographer_rviz) by extensions ['ros']
[1.028s] Level 1:colcon.colcon_core.package_identification:_identify(src/cartographer_ros/cartographer_rviz) by extension 'ros'
[1.030s] DEBUG:colcon.colcon_core.package_identification:Package 'src/cartographer_ros/cartographer_rviz' with type 'ros.ament_cmake' and name 'cartographer_rviz'
[1.030s] Level 1:colcon.colcon_core.package_identification:_identify(src/cartographer_ros/docs) by extensions ['ignore', 'ignore_ament_install']
[1.030s] Level 1:colcon.colcon_core.package_identification:_identify(src/cartographer_ros/docs) by extension 'ignore'
[1.030s] Level 1:colcon.colcon_core.package_identification:_identify(src/cartographer_ros/docs) ignored
[1.031s] Level 1:colcon.colcon_core.package_identification:_identify(src/cartographer_ros/scripts) by extensions ['ignore', 'ignore_ament_install']
[1.031s] Level 1:colcon.colcon_core.package_identification:_identify(src/cartographer_ros/scripts) by extension 'ignore'
[1.031s] Level 1:colcon.colcon_core.package_identification:_identify(src/cartographer_ros/scripts) by extension 'ignore_ament_install'
[1.031s] Level 1:colcon.colcon_core.package_identification:_identify(src/cartographer_ros/scripts) by extensions ['colcon_pkg']
[1.031s] Level 1:colcon.colcon_core.package_identification:_identify(src/cartographer_ros/scripts) by extension 'colcon_pkg'
[1.031s] Level 1:colcon.colcon_core.package_identification:_identify(src/cartographer_ros/scripts) by extensions ['colcon_meta']
[1.031s] Level 1:colcon.colcon_core.package_identification:_identify(src/cartographer_ros/scripts) by extension 'colcon_meta'
[1.031s] Level 1:colcon.colcon_core.package_identification:_identify(src/cartographer_ros/scripts) by extensions ['ros']
[1.031s] Level 1:colcon.colcon_core.package_identification:_identify(src/cartographer_ros/scripts) by extension 'ros'
[1.031s] Level 1:colcon.colcon_core.package_identification:_identify(src/cartographer_ros/scripts) by extensions ['cmake', 'python']
[1.032s] Level 1:colcon.colcon_core.package_identification:_identify(src/cartographer_ros/scripts) by extension 'cmake'
[1.032s] Level 1:colcon.colcon_core.package_identification:_identify(src/cartographer_ros/scripts) by extension 'python'
[1.032s] Level 1:colcon.colcon_core.package_identification:_identify(src/cartographer_ros/scripts) by extensions ['python_setup_py']
[1.032s] Level 1:colcon.colcon_core.package_identification:_identify(src/cartographer_ros/scripts) by extension 'python_setup_py'
[1.032s] Level 1:colcon.colcon_core.package_identification:_identify(src/picar_b2_base) by extensions ['ignore', 'ignore_ament_install']
[1.032s] Level 1:colcon.colcon_core.package_identification:_identify(src/picar_b2_base) by extension 'ignore'
[1.032s] Level 1:colcon.colcon_core.package_identification:_identify(src/picar_b2_base) by extension 'ignore_ament_install'
[1.032s] Level 1:colcon.colcon_core.package_identification:_identify(src/picar_b2_base) by extensions ['colcon_pkg']
[1.032s] Level 1:colcon.colcon_core.package_identification:_identify(src/picar_b2_base) by extension 'colcon_pkg'
[1.032s] Level 1:colcon.colcon_core.package_identification:_identify(src/picar_b2_base) by extensions ['colcon_meta']
[1.032s] Level 1:colcon.colcon_core.package_identification:_identify(src/picar_b2_base) by extension 'colcon_meta'
[1.032s] Level 1:colcon.colcon_core.package_identification:_identify(src/picar_b2_base) by extensions ['ros']
[1.032s] Level 1:colcon.colcon_core.package_identification:_identify(src/picar_b2_base) by extension 'ros'
[1.033s] DEBUG:colcon.colcon_core.package_identification:Package 'src/picar_b2_base' with type 'ros.ament_python' and name 'picar_b2_base'
[1.034s] Level 1:colcon.colcon_core.package_identification:_identify(src/rplidar_ros) by extensions ['ignore', 'ignore_ament_install']
[1.034s] Level 1:colcon.colcon_core.package_identification:_identify(src/rplidar_ros) by extension 'ignore'
[1.034s] Level 1:colcon.colcon_core.package_identification:_identify(src/rplidar_ros) by extension 'ignore_ament_install'
[1.034s] Level 1:colcon.colcon_core.package_identification:_identify(src/rplidar_ros) by extensions ['colcon_pkg']
[1.034s] Level 1:colcon.colcon_core.package_identification:_identify(src/rplidar_ros) by extension 'colcon_pkg'
[1.034s] Level 1:colcon.colcon_core.package_identification:_identify(src/rplidar_ros) by extensions ['colcon_meta']
[1.034s] Level 1:colcon.colcon_core.package_identification:_identify(src/rplidar_ros) by extension 'colcon_meta'
[1.034s] Level 1:colcon.colcon_core.package_identification:_identify(src/rplidar_ros) by extensions ['ros']
[1.034s] Level 1:colcon.colcon_core.package_identification:_identify(src/rplidar_ros) by extension 'ros'
[1.036s] DEBUG:colcon.colcon_core.package_identification:Package 'src/rplidar_ros' with type 'ros.ament_cmake' and name 'rplidar_ros'
[1.036s] Level 1:colcon.colcon_core.package_discovery:discover_packages(recursive) using defaults
[1.036s] Level 1:colcon.colcon_core.package_discovery:discover_packages(ignore) discover
[1.036s] Level 1:colcon.colcon_core.package_discovery:discover_packages(ignore) using defaults
[1.036s] Level 1:colcon.colcon_core.package_discovery:discover_packages(path) discover
[1.036s] Level 1:colcon.colcon_core.package_discovery:discover_packages(path) using defaults
[1.089s] INFO:colcon.colcon_core.package_selection:Skipping not selected package 'cartographer_ros_msgs' in 'src/cartographer_ros/cartographer_ros_msgs'
[1.089s] INFO:colcon.colcon_core.package_selection:Skipping not selected package 'picar_b2_base' in 'src/picar_b2_base'
[1.089s] INFO:colcon.colcon_core.package_selection:Skipping not selected package 'rplidar_ros' in 'src/rplidar_ros'
[1.089s] INFO:colcon.colcon_core.package_selection:Skipping not selected package 'cartographer_rviz' in 'src/cartographer_ros/cartographer_rviz'
[1.090s] Level 1:colcon.colcon_core.package_discovery:discover_packages(prefix_path) check parameters
[1.090s] Level 1:colcon.colcon_core.package_discovery:discover_packages(prefix_path) discover
[1.102s] DEBUG:colcon.colcon_installed_package_information.package_discovery:Found 4 installed packages in /home/jh/ros2_ws/install
[1.107s] DEBUG:colcon.colcon_installed_package_information.package_discovery:Found 285 installed packages in /opt/ros/jazzy
[1.110s] Level 1:colcon.colcon_core.package_discovery:discover_packages(prefix_path) using defaults
[1.309s] Level 5:colcon.colcon_core.verb:set package 'cartographer_ros' build argument 'cmake_args' from command line to 'None'
[1.309s] Level 5:colcon.colcon_core.verb:set package 'cartographer_ros' build argument 'cmake_target' from command line to 'None'
[1.309s] Level 5:colcon.colcon_core.verb:set package 'cartographer_ros' build argument 'cmake_target_skip_unavailable' from command line to 'False'
[1.309s] Level 5:colcon.colcon_core.verb:set package 'cartographer_ros' build argument 'cmake_clean_cache' from command line to 'False'
[1.309s] Level 5:colcon.colcon_core.verb:set package 'cartographer_ros' build argument 'cmake_clean_first' from command line to 'False'
[1.309s] Level 5:colcon.colcon_core.verb:set package 'cartographer_ros' build argument 'cmake_force_configure' from command line to 'False'
[1.309s] Level 5:colcon.colcon_core.verb:set package 'cartographer_ros' build argument 'ament_cmake_args' from command line to 'None'
[1.309s] Level 5:colcon.colcon_core.verb:set package 'cartographer_ros' build argument 'catkin_cmake_args' from command line to 'None'
[1.309s] Level 5:colcon.colcon_core.verb:set package 'cartographer_ros' build argument 'catkin_skip_building_tests' from command line to 'False'
[1.309s] DEBUG:colcon.colcon_core.verb:Building package 'cartographer_ros' with the following arguments: {'ament_cmake_args': None, 'build_base': '/home/jh/ros2_ws/build/cartographer_ros', 'catkin_cmake_args': None, 'catkin_skip_building_tests': False, 'cmake_args': None, 'cmake_clean_cache': False, 'cmake_clean_first': False, 'cmake_force_configure': False, 'cmake_target': None, 'cmake_target_skip_unavailable': False, 'install_base': '/home/jh/ros2_ws/install/cartographer_ros', 'merge_install': False, 'path': '/home/jh/ros2_ws/src/cartographer_ros/cartographer_ros', 'symlink_install': True, 'test_result_base': None}
[1.309s] INFO:colcon.colcon_core.executor:Executing jobs using 'parallel' executor
[1.311s] DEBUG:colcon.colcon_parallel_executor.executor.parallel:run_until_complete
[1.311s] INFO:colcon.colcon_ros.task.ament_cmake.build:Building ROS package in '/home/jh/ros2_ws/src/cartographer_ros/cartographer_ros' with build type 'ament_cmake'
[1.311s] INFO:colcon.colcon_cmake.task.cmake.build:Building CMake package in '/home/jh/ros2_ws/src/cartographer_ros/cartographer_ros'
[1.323s] INFO:colcon.colcon_core.plugin_system:Skipping extension 'colcon_core.shell.bat': Not used on non-Windows systems
[1.323s] INFO:colcon.colcon_core.shell:Skip shell extension 'powershell' for command environment: Not usable outside of PowerShell
[1.323s] DEBUG:colcon.colcon_core.shell:Skip shell extension 'dsv' for command environment
[1.357s] DEBUG:colcon.colcon_core.event_handler.log_command:Invoking command in '/home/jh/ros2_ws/build/cartographer_ros': AMENT_PREFIX_PATH=/home/jh/ros2_ws/install/cartographer_ros_msgs:${AMENT_PREFIX_PATH} CMAKE_PREFIX_PATH=/home/jh/ros2_ws/install/cartographer_ros_msgs:/home/jh/ros2_ws/install/rplidar_ros:/opt/ros/jazzy/opt/gz_math_vendor:/opt/ros/jazzy/opt/gz_utils_vendor:/opt/ros/jazzy/opt/gz_cmake_vendor:/home/jh/ros2_ws/install/picar_b2_base:/opt/ros/jazzy DEBUGINFOD_URLS=https://debuginfod.ubuntu.com LD_LIBRARY_PATH=/home/jh/ros2_ws/install/cartographer_ros_msgs/lib:${LD_LIBRARY_PATH} PYTHONPATH=/home/jh/ros2_ws/install/cartographer_ros_msgs/lib/python3.12/site-packages:${PYTHONPATH} /usr/bin/cmake --build /home/jh/ros2_ws/build/cartographer_ros -- -j4 -l4
[133.588s] DEBUG:colcon.colcon_core.event_handler.log_command:Invoked command in '/home/jh/ros2_ws/build/cartographer_ros' returned '0': AMENT_PREFIX_PATH=/home/jh/ros2_ws/install/cartographer_ros_msgs:${AMENT_PREFIX_PATH} CMAKE_PREFIX_PATH=/home/jh/ros2_ws/install/cartographer_ros_msgs:/home/jh/ros2_ws/install/rplidar_ros:/opt/ros/jazzy/opt/gz_math_vendor:/opt/ros/jazzy/opt/gz_utils_vendor:/opt/ros/jazzy/opt/gz_cmake_vendor:/home/jh/ros2_ws/install/picar_b2_base:/opt/ros/jazzy DEBUGINFOD_URLS=https://debuginfod.ubuntu.com LD_LIBRARY_PATH=/home/jh/ros2_ws/install/cartographer_ros_msgs/lib:${LD_LIBRARY_PATH} PYTHONPATH=/home/jh/ros2_ws/install/cartographer_ros_msgs/lib/python3.12/site-packages:${PYTHONPATH} /usr/bin/cmake --build /home/jh/ros2_ws/build/cartographer_ros -- -j4 -l4
[133.725s] DEBUG:colcon.colcon_core.event_handler.log_command:Invoking command in '/home/jh/ros2_ws/build/cartographer_ros': AMENT_PREFIX_PATH=/home/jh/ros2_ws/install/cartographer_ros_msgs:${AMENT_PREFIX_PATH} CMAKE_PREFIX_PATH=/home/jh/ros2_ws/install/cartographer_ros_msgs:/home/jh/ros2_ws/install/rplidar_ros:/opt/ros/jazzy/opt/gz_math_vendor:/opt/ros/jazzy/opt/gz_utils_vendor:/opt/ros/jazzy/opt/gz_cmake_vendor:/home/jh/ros2_ws/install/picar_b2_base:/opt/ros/jazzy DEBUGINFOD_URLS=https://debuginfod.ubuntu.com LD_LIBRARY_PATH=/home/jh/ros2_ws/install/cartographer_ros_msgs/lib:${LD_LIBRARY_PATH} PYTHONPATH=/home/jh/ros2_ws/install/cartographer_ros_msgs/lib/python3.12/site-packages:${PYTHONPATH} /usr/bin/cmake --install /home/jh/ros2_ws/build/cartographer_ros
[135.698s] Level 1:colcon.colcon_core.environment:create_environment_scripts_only(cartographer_ros)
[135.712s] DEBUG:colcon.colcon_core.event_handler.log_command:Invoked command in '/home/jh/ros2_ws/build/cartographer_ros' returned '0': AMENT_PREFIX_PATH=/home/jh/ros2_ws/install/cartographer_ros_msgs:${AMENT_PREFIX_PATH} CMAKE_PREFIX_PATH=/home/jh/ros2_ws/install/cartographer_ros_msgs:/home/jh/ros2_ws/install/rplidar_ros:/opt/ros/jazzy/opt/gz_math_vendor:/opt/ros/jazzy/opt/gz_utils_vendor:/opt/ros/jazzy/opt/gz_cmake_vendor:/home/jh/ros2_ws/install/picar_b2_base:/opt/ros/jazzy DEBUGINFOD_URLS=https://debuginfod.ubuntu.com LD_LIBRARY_PATH=/home/jh/ros2_ws/install/cartographer_ros_msgs/lib:${LD_LIBRARY_PATH} PYTHONPATH=/home/jh/ros2_ws/install/cartographer_ros_msgs/lib/python3.12/site-packages:${PYTHONPATH} /usr/bin/cmake --install /home/jh/ros2_ws/build/cartographer_ros
[135.831s] Level 1:colcon.colcon_core.environment:checking '/home/jh/ros2_ws/install/cartographer_ros' for CMake module files
[135.834s] Level 1:colcon.colcon_core.environment:checking '/home/jh/ros2_ws/install/cartographer_ros' for CMake config files
[135.839s] Level 1:colcon.colcon_core.shell:create_environment_hook('cartographer_ros', 'cmake_prefix_path')
[135.840s] INFO:colcon.colcon_core.shell:Creating environment hook '/home/jh/ros2_ws/install/cartographer_ros/share/cartographer_ros/hook/cmake_prefix_path.ps1'
[135.857s] INFO:colcon.colcon_core.shell:Creating environment descriptor '/home/jh/ros2_ws/install/cartographer_ros/share/cartographer_ros/hook/cmake_prefix_path.dsv'
[135.859s] INFO:colcon.colcon_core.shell:Creating environment hook '/home/jh/ros2_ws/install/cartographer_ros/share/cartographer_ros/hook/cmake_prefix_path.sh'
[135.868s] Level 1:colcon.colcon_core.environment:checking '/home/jh/ros2_ws/install/cartographer_ros/lib'
[135.868s] Level 1:colcon.colcon_core.shell:create_environment_hook('cartographer_ros', 'ld_library_path_lib')
[135.869s] INFO:colcon.colcon_core.shell:Creating environment hook '/home/jh/ros2_ws/install/cartographer_ros/share/cartographer_ros/hook/ld_library_path_lib.ps1'
[135.871s] INFO:colcon.colcon_core.shell:Creating environment descriptor '/home/jh/ros2_ws/install/cartographer_ros/share/cartographer_ros/hook/ld_library_path_lib.dsv'
[135.871s] INFO:colcon.colcon_core.shell:Creating environment hook '/home/jh/ros2_ws/install/cartographer_ros/share/cartographer_ros/hook/ld_library_path_lib.sh'
[135.872s] Level 1:colcon.colcon_core.environment:checking '/home/jh/ros2_ws/install/cartographer_ros/bin'
[135.872s] Level 1:colcon.colcon_core.environment:checking '/home/jh/ros2_ws/install/cartographer_ros/lib/pkgconfig/cartographer_ros.pc'
[135.875s] Level 1:colcon.colcon_core.environment:checking '/home/jh/ros2_ws/install/cartographer_ros/lib/python3.12/site-packages'
[135.876s] Level 1:colcon.colcon_core.environment:checking '/home/jh/ros2_ws/install/cartographer_ros/bin'
[135.879s] INFO:colcon.colcon_core.shell:Creating package script '/home/jh/ros2_ws/install/cartographer_ros/share/cartographer_ros/package.ps1'
[135.883s] INFO:colcon.colcon_core.shell:Creating package descriptor '/home/jh/ros2_ws/install/cartographer_ros/share/cartographer_ros/package.dsv'
[135.885s] INFO:colcon.colcon_core.shell:Creating package script '/home/jh/ros2_ws/install/cartographer_ros/share/cartographer_ros/package.sh'
[135.887s] INFO:colcon.colcon_core.shell:Creating package script '/home/jh/ros2_ws/install/cartographer_ros/share/cartographer_ros/package.bash'
[135.891s] INFO:colcon.colcon_core.shell:Creating package script '/home/jh/ros2_ws/install/cartographer_ros/share/cartographer_ros/package.zsh'
[135.895s] Level 1:colcon.colcon_core.environment:create_file_with_runtime_dependencies(/home/jh/ros2_ws/install/cartographer_ros/share/colcon-core/packages/cartographer_ros)
[135.907s] Level 1:colcon.colcon_core.environment:create_environment_scripts_only(cartographer_ros)
[135.907s] Level 1:colcon.colcon_core.environment:checking '/home/jh/ros2_ws/install/cartographer_ros' for CMake module files
[135.908s] Level 1:colcon.colcon_core.environment:checking '/home/jh/ros2_ws/install/cartographer_ros' for CMake config files
[135.910s] Level 1:colcon.colcon_core.shell:create_environment_hook('cartographer_ros', 'cmake_prefix_path')
[135.910s] INFO:colcon.colcon_core.shell:Creating environment hook '/home/jh/ros2_ws/install/cartographer_ros/share/cartographer_ros/hook/cmake_prefix_path.ps1'
[135.910s] INFO:colcon.colcon_core.shell:Creating environment descriptor '/home/jh/ros2_ws/install/cartographer_ros/share/cartographer_ros/hook/cmake_prefix_path.dsv'
[135.911s] INFO:colcon.colcon_core.shell:Creating environment hook '/home/jh/ros2_ws/install/cartographer_ros/share/cartographer_ros/hook/cmake_prefix_path.sh'
[135.914s] Level 1:colcon.colcon_core.environment:checking '/home/jh/ros2_ws/install/cartographer_ros/lib'
[135.914s] Level 1:colcon.colcon_core.shell:create_environment_hook('cartographer_ros', 'ld_library_path_lib')
[135.914s] INFO:colcon.colcon_core.shell:Creating environment hook '/home/jh/ros2_ws/install/cartographer_ros/share/cartographer_ros/hook/ld_library_path_lib.ps1'
[135.915s] INFO:colcon.colcon_core.shell:Creating environment descriptor '/home/jh/ros2_ws/install/cartographer_ros/share/cartographer_ros/hook/ld_library_path_lib.dsv'
[135.916s] INFO:colcon.colcon_core.shell:Creating environment hook '/home/jh/ros2_ws/install/cartographer_ros/share/cartographer_ros/hook/ld_library_path_lib.sh'
[135.918s] Level 1:colcon.colcon_core.environment:checking '/home/jh/ros2_ws/install/cartographer_ros/bin'
[135.918s] Level 1:colcon.colcon_core.environment:checking '/home/jh/ros2_ws/install/cartographer_ros/lib/pkgconfig/cartographer_ros.pc'
[135.918s] Level 1:colcon.colcon_core.environment:checking '/home/jh/ros2_ws/install/cartographer_ros/lib/python3.12/site-packages'
[135.918s] Level 1:colcon.colcon_core.environment:checking '/home/jh/ros2_ws/install/cartographer_ros/bin'
[135.919s] INFO:colcon.colcon_core.shell:Creating package script '/home/jh/ros2_ws/install/cartographer_ros/share/cartographer_ros/package.ps1'
[135.922s] INFO:colcon.colcon_core.shell:Creating package descriptor '/home/jh/ros2_ws/install/cartographer_ros/share/cartographer_ros/package.dsv'
[135.923s] INFO:colcon.colcon_core.shell:Creating package script '/home/jh/ros2_ws/install/cartographer_ros/share/cartographer_ros/package.sh'
[135.925s] INFO:colcon.colcon_core.shell:Creating package script '/home/jh/ros2_ws/install/cartographer_ros/share/cartographer_ros/package.bash'
[135.926s] INFO:colcon.colcon_core.shell:Creating package script '/home/jh/ros2_ws/install/cartographer_ros/share/cartographer_ros/package.zsh'
[135.927s] Level 1:colcon.colcon_core.environment:create_file_with_runtime_dependencies(/home/jh/ros2_ws/install/cartographer_ros/share/colcon-core/packages/cartographer_ros)
[135.929s] DEBUG:colcon.colcon_parallel_executor.executor.parallel:closing loop
[135.937s] DEBUG:colcon.colcon_parallel_executor.executor.parallel:loop closed
[135.939s] DEBUG:colcon.colcon_parallel_executor.executor.parallel:run_until_complete finished with '0'
[135.939s] DEBUG:colcon.colcon_core.event_reactor:joining thread
[136.110s] INFO:colcon.colcon_core.plugin_system:Skipping extension 'colcon_notification.desktop_notification.terminal_notifier': Not used on non-Darwin systems
[136.110s] INFO:colcon.colcon_core.plugin_system:Skipping extension 'colcon_notification.desktop_notification.win32': Not used on non-Windows systems
[136.110s] INFO:colcon.colcon_notification.desktop_notification:Sending desktop notification using 'notify2'
[136.365s] DEBUG:colcon.colcon_core.event_reactor:joined thread
[136.371s] INFO:colcon.colcon_core.shell:Creating prefix script '/home/jh/ros2_ws/install/local_setup.ps1'
[136.378s] INFO:colcon.colcon_core.shell:Creating prefix util module '/home/jh/ros2_ws/install/_local_setup_util_ps1.py'
[136.382s] INFO:colcon.colcon_core.shell:Creating prefix chain script '/home/jh/ros2_ws/install/setup.ps1'
[136.391s] INFO:colcon.colcon_core.shell:Creating prefix script '/home/jh/ros2_ws/install/local_setup.sh'
[136.394s] INFO:colcon.colcon_core.shell:Creating prefix util module '/home/jh/ros2_ws/install/_local_setup_util_sh.py'
[136.397s] INFO:colcon.colcon_core.shell:Creating prefix chain script '/home/jh/ros2_ws/install/setup.sh'
[136.400s] INFO:colcon.colcon_core.shell:Creating prefix script '/home/jh/ros2_ws/install/local_setup.bash'
[136.402s] INFO:colcon.colcon_core.shell:Creating prefix chain script '/home/jh/ros2_ws/install/setup.bash'
[136.406s] INFO:colcon.colcon_core.shell:Creating prefix script '/home/jh/ros2_ws/install/local_setup.zsh'
[136.410s] INFO:colcon.colcon_core.shell:Creating prefix chain script '/home/jh/ros2_ws/install/setup.zsh'
