[0.025s] Invoking command in '/home/jh/ros2_ws/build/cartographer_ros': DEBUGINFOD_URLS=https://debuginfod.ubuntu.com /usr/bin/cmake /home/jh/ros2_ws/src/cartographer_ros/cartographer_ros -DCATKIN_INSTALL_INTO_PREFIX_ROOT=0 -DCATKIN_SYMLINK_INSTALL=ON -DCMAKE_INSTALL_PREFIX=/home/jh/ros2_ws/install/cartographer_ros
[0.154s] [0mCMake Deprecation Warning at CMakeLists.txt:15 (cmake_minimum_required):
[0.155s]   Compatibility with CMake < 3.5 will be removed from a future version of
[0.155s]   CMake.
[0.155s] 
[0.155s]   Update the VERSION argument <min> value or use a ...<max> suffix to tell
[0.155s]   CMake that the project does not need compatibility with older versions.
[0.155s] 
[0.155s] [0m
[0.492s] -- The C compiler identification is GNU 13.3.0
[0.863s] -- The CXX compiler identification is GNU 13.3.0
[0.908s] -- Detecting C compiler ABI info
[1.098s] -- Detecting C compiler ABI info - done
[1.116s] -- Check for working C compiler: /usr/bin/cc - skipped
[1.118s] -- Detecting C compile features
[1.119s] -- Detecting C compile features - done
[1.136s] -- Detecting CXX compiler ABI info
[1.320s] -- Detecting CXX compiler ABI info - done
[1.338s] -- Check for working CXX compiler: /usr/bin/c++ - skipped
[1.338s] -- Detecting CXX compile features
[1.339s] -- Detecting CXX compile features - done
[1.390s] -- Found Boost: /usr/lib/aarch64-linux-gnu/cmake/Boost-1.83.0/BoostConfig.cmake (found version "1.83.0") found components: system iostreams 
[1.471s] -- Found Boost: /usr/lib/aarch64-linux-gnu/cmake/Boost-1.83.0/BoostConfig.cmake (found suitable version "1.83.0", minimum required is "1.65.0") found components: system filesystem iostreams serialization 
[1.472s] -- looking for PCL_COMMON
[1.480s] -- Found PCL_COMMON: /usr/lib/aarch64-linux-gnu/libpcl_common.so  
[1.481s] -- Found PCL: pcl_common;Boost::system;Boost::filesystem;Boost::iostreams;Boost::serialization  
[1.662s] -- Performing Test CMAKE_HAVE_LIBC_PTHREAD
[1.869s] -- Performing Test CMAKE_HAVE_LIBC_PTHREAD - Success
[1.871s] -- Found Threads: TRUE  
[2.590s] -- Found AMD headers in: /usr/include/suitesparse
[2.592s] -- Found AMD library: /usr/lib/aarch64-linux-gnu/libamd.so
[2.593s] -- Found CAMD headers in: /usr/include/suitesparse
[2.594s] -- Found CAMD library: /usr/lib/aarch64-linux-gnu/libcamd.so
[2.595s] -- Found CCOLAMD headers in: /usr/include/suitesparse
[2.596s] -- Found CCOLAMD library: /usr/lib/aarch64-linux-gnu/libccolamd.so
[2.597s] -- Found CHOLMOD headers in: /usr/include/suitesparse
[2.598s] -- Found CHOLMOD library: /usr/lib/aarch64-linux-gnu/libcholmod.so
[2.599s] -- Found COLAMD headers in: /usr/include/suitesparse
[2.600s] -- Found COLAMD library: /usr/lib/aarch64-linux-gnu/libcolamd.so
[2.601s] -- Found SPQR headers in: /usr/include/suitesparse
[2.603s] -- Found SPQR library: /usr/lib/aarch64-linux-gnu/libspqr.so
[2.603s] -- Found Config headers in: /usr/include/suitesparse
[2.605s] -- Found Config library: /usr/lib/aarch64-linux-gnu/libsuitesparseconfig.so
[2.616s] -- Found Intel Thread Building Blocks (TBB) library (2021.11 / ) include location: . Assuming SuiteSparseQR was compiled with TBB.
[2.616s] -- Looking for shm_open in rt
[2.771s] -- Looking for shm_open in rt - found
[2.771s] -- Adding librt to SuiteSparse_config libraries (required on Linux & Unix [not OSX] if SuiteSparse is compiled with timing).
[2.782s] -- Could NOT find METIS (missing: METIS_INCLUDE_DIR METIS_LIBRARY) 
[2.784s] -- Found SuiteSparse: /usr/include/suitesparse (found suitable version "7.6.1", minimum required is "7.6.1") found components: AMD CAMD CCOLAMD CHOLMOD COLAMD SPQR Config 
[2.787s] -- Found required Ceres dependency: Eigen version 3.4.0 in /usr/share/eigen3/cmake
[2.799s] -- Found required Ceres dependency: glog
[2.800s] -- Found required Ceres dependency: gflags
[2.802s] -- Found Ceres version: 2.2.0 installed in: /usr with components: [EigenSparse, SparseLinearAlgebraLibrary, LAPACK, SuiteSparse, SchurSpecializations]
[2.822s] -- Build type: Release
[2.832s] Files /home/jh/ros2_ws/build/cartographer_ros/AllFiles.cmake and - differ
[3.073s] -- Found Python3: /usr/bin/python3 (found version "3.12.3") found components: Interpreter 
[3.084s] -- Found GMock: gmock_main  
[3.093s] [31mCMake Error at CMakeLists.txt:54 (find_package):
[3.093s]   By not providing "Findcatkin.cmake" in CMAKE_MODULE_PATH this project has
[3.093s]   asked CMake to find a package configuration file provided by "catkin", but
[3.093s]   CMake did not find one.
[3.093s] 
[3.093s]   Could not find a package configuration file provided by "catkin" with any
[3.094s]   of the following names:
[3.094s] 
[3.094s]     catkinConfig.cmake
[3.094s]     catkin-config.cmake
[3.094s] 
[3.094s]   Add the installation prefix of "catkin" to CMAKE_PREFIX_PATH or set
[3.094s]   "catkin_DIR" to a directory containing one of the above files.  If "catkin"
[3.094s]   provides a separate development package or SDK, be sure it has been
[3.094s]   installed.
[3.094s] 
[3.094s] [0m
[3.094s] -- Configuring incomplete, errors occurred!
[3.110s] Invoked command in '/home/jh/ros2_ws/build/cartographer_ros' returned '1': DEBUGINFOD_URLS=https://debuginfod.ubuntu.com /usr/bin/cmake /home/jh/ros2_ws/src/cartographer_ros/cartographer_ros -DCATKIN_INSTALL_INTO_PREFIX_ROOT=0 -DCATKIN_SYMLINK_INSTALL=ON -DCMAKE_INSTALL_PREFIX=/home/jh/ros2_ws/install/cartographer_ros
