[1.938s] Invoking command in '/home/jh/ros2_ws/build/picar_b2_base': DEBUGINFOD_URLS=https://debuginfod.ubuntu.com PYTHONPATH=/home/jh/ros2_ws/build/picar_b2_base/prefix_override:/usr/lib/python3/dist-packages/colcon_core/task/python/colcon_distutils_commands:/home/jh/ros2_ws/install/picar_b2_base/lib/python3.12/site-packages:${PYTHONPATH} /usr/bin/python3 -W ignore:setup.py install is deprecated -W ignore:easy_install command is deprecated setup.py develop --editable --build-directory /home/jh/ros2_ws/build/picar_b2_base/build --no-deps symlink_data
[2.635s] running develop
[3.088s] running egg_info
[3.119s] writing picar_b2_base.egg-info/PKG-INFO
[3.119s] writing dependency_links to picar_b2_base.egg-info/dependency_links.txt
[3.121s] writing entry points to picar_b2_base.egg-info/entry_points.txt
[3.123s] writing requirements to picar_b2_base.egg-info/requires.txt
[3.124s] writing top-level names to picar_b2_base.egg-info/top_level.txt
[3.188s] reading manifest file 'picar_b2_base.egg-info/SOURCES.txt'
[3.189s] writing manifest file 'picar_b2_base.egg-info/SOURCES.txt'
[3.221s] running build_ext
[3.221s] Creating /home/jh/ros2_ws/install/picar_b2_base/lib/python3.12/site-packages/picar-b2-base.egg-link (link to .)
[3.222s] Installing fake_odom_node script to /home/jh/ros2_ws/install/picar_b2_base/lib/picar_b2_base
[3.222s] Installing motor_node script to /home/jh/ros2_ws/install/picar_b2_base/lib/picar_b2_base
[3.222s] Installing scan_stamp_fixer script to /home/jh/ros2_ws/install/picar_b2_base/lib/picar_b2_base
[3.223s] Installing steering_node script to /home/jh/ros2_ws/install/picar_b2_base/lib/picar_b2_base
[3.223s] Installing ultrasonic_node script to /home/jh/ros2_ws/install/picar_b2_base/lib/picar_b2_base
[3.224s] 
[3.224s] Installed /home/jh/ros2_ws/build/picar_b2_base
[3.224s] running symlink_data
[3.343s] Invoked command in '/home/jh/ros2_ws/build/picar_b2_base' returned '0': DEBUGINFOD_URLS=https://debuginfod.ubuntu.com PYTHONPATH=/home/jh/ros2_ws/build/picar_b2_base/prefix_override:/usr/lib/python3/dist-packages/colcon_core/task/python/colcon_distutils_commands:/home/jh/ros2_ws/install/picar_b2_base/lib/python3.12/site-packages:${PYTHONPATH} /usr/bin/python3 -W ignore:setup.py install is deprecated -W ignore:easy_install command is deprecated setup.py develop --editable --build-directory /home/jh/ros2_ws/build/picar_b2_base/build --no-deps symlink_data
