[11.317s] DEBUG:colcon:Command line arguments: ['/usr/bin/colcon', 'list', '-p', '--base-paths', '/home/jh/ros2_ws']
[11.317s] DEBUG:colcon:Parsed command line arguments: Namespace(log_base=None, log_level=None, verb_name='list', build_base='build', ignore_user_meta=False, metas=['./colcon.meta'], base_paths=['/home/jh/ros2_ws'], packages_ignore=None, packages_ignore_regex=None, paths=None, packages_up_to=None, packages_up_to_regex=None, packages_above=None, packages_above_and_dependencies=None, packages_above_depth=None, packages_select_by_dep=None, packages_skip_by_dep=None, packages_skip_up_to=None, packages_select_build_failed=False, packages_skip_build_finished=False, packages_select_test_failures=False, packages_skip_test_passed=False, packages_select=None, packages_skip=None, packages_select_regex=None, packages_skip_regex=None, packages_start=None, packages_end=None, allow_overriding=[], topological_order=False, names_only=False, paths_only=True, topological_graph=False, topological_graph_dot=False, topological_graph_density=False, topological_graph_legend=False, topological_graph_dot_cluster=False, topological_graph_dot_include_skipped=False, mixin_files=None, mixin=None, verb_parser=<colcon_mixin.mixin.mixin_argument.MixinArgumentDecorator object at 0xffffa64e4d10>, verb_extension=<colcon_package_information.verb.list.ListVerb object at 0xffffa64b7fb0>, main=<bound method ListVerb.main of <colcon_package_information.verb.list.ListVerb object at 0xffffa64b7fb0>>, mixin_verb=('list',))
[11.765s] Level 1:colcon.colcon_core.package_discovery:discover_packages(colcon_meta) check parameters
[11.765s] Level 1:colcon.colcon_core.package_discovery:discover_packages(recursive) check parameters
[11.765s] Level 1:colcon.colcon_core.package_discovery:discover_packages(ignore) check parameters
[11.766s] Level 1:colcon.colcon_core.package_discovery:discover_packages(path) check parameters
[11.766s] Level 1:colcon.colcon_core.package_discovery:discover_packages(recursive) discover
[11.766s] INFO:colcon.colcon_core.package_discovery:Crawling recursively for packages in '/home/jh/ros2_ws'
[11.766s] Level 1:colcon.colcon_core.package_identification:_identify(/home/jh/ros2_ws) by extensions ['ignore', 'ignore_ament_install']
[11.766s] Level 1:colcon.colcon_core.package_identification:_identify(/home/jh/ros2_ws) by extension 'ignore'
[11.766s] Level 1:colcon.colcon_core.package_identification:_identify(/home/jh/ros2_ws) by extension 'ignore_ament_install'
[11.767s] Level 1:colcon.colcon_core.package_identification:_identify(/home/jh/ros2_ws) by extensions ['colcon_pkg']
[11.767s] Level 1:colcon.colcon_core.package_identification:_identify(/home/jh/ros2_ws) by extension 'colcon_pkg'
[11.767s] Level 1:colcon.colcon_core.package_identification:_identify(/home/jh/ros2_ws) by extensions ['colcon_meta']
[11.767s] Level 1:colcon.colcon_core.package_identification:_identify(/home/jh/ros2_ws) by extension 'colcon_meta'
[11.767s] Level 1:colcon.colcon_core.package_identification:_identify(/home/jh/ros2_ws) by extensions ['ros']
[11.767s] Level 1:colcon.colcon_core.package_identification:_identify(/home/jh/ros2_ws) by extension 'ros'
[12.259s] Level 1:colcon.colcon_core.package_identification:_identify(/home/jh/ros2_ws) by extensions ['cmake', 'python']
[12.259s] Level 1:colcon.colcon_core.package_identification:_identify(/home/jh/ros2_ws) by extension 'cmake'
[12.259s] Level 1:colcon.colcon_core.package_identification:_identify(/home/jh/ros2_ws) by extension 'python'
[12.260s] Level 1:colcon.colcon_core.package_identification:_identify(/home/jh/ros2_ws) by extensions ['python_setup_py']
[12.260s] Level 1:colcon.colcon_core.package_identification:_identify(/home/jh/ros2_ws) by extension 'python_setup_py'
[12.330s] Level 1:colcon.colcon_core.package_identification:_identify(/home/jh/ros2_ws/build) by extensions ['ignore', 'ignore_ament_install']
[12.331s] Level 1:colcon.colcon_core.package_identification:_identify(/home/jh/ros2_ws/build) by extension 'ignore'
[12.331s] Level 1:colcon.colcon_core.package_identification:_identify(/home/jh/ros2_ws/build) ignored
[12.346s] Level 1:colcon.colcon_core.package_identification:_identify(/home/jh/ros2_ws/install) by extensions ['ignore', 'ignore_ament_install']
[12.347s] Level 1:colcon.colcon_core.package_identification:_identify(/home/jh/ros2_ws/install) by extension 'ignore'
[12.347s] Level 1:colcon.colcon_core.package_identification:_identify(/home/jh/ros2_ws/install) ignored
[12.348s] Level 1:colcon.colcon_core.package_identification:_identify(/home/jh/ros2_ws/log) by extensions ['ignore', 'ignore_ament_install']
[12.348s] Level 1:colcon.colcon_core.package_identification:_identify(/home/jh/ros2_ws/log) by extension 'ignore'
[12.348s] Level 1:colcon.colcon_core.package_identification:_identify(/home/jh/ros2_ws/log) ignored
[12.348s] Level 1:colcon.colcon_core.package_identification:_identify(/home/jh/ros2_ws/src) by extensions ['ignore', 'ignore_ament_install']
[12.349s] Level 1:colcon.colcon_core.package_identification:_identify(/home/jh/ros2_ws/src) by extension 'ignore'
[12.349s] Level 1:colcon.colcon_core.package_identification:_identify(/home/jh/ros2_ws/src) by extension 'ignore_ament_install'
[12.349s] Level 1:colcon.colcon_core.package_identification:_identify(/home/jh/ros2_ws/src) by extensions ['colcon_pkg']
[12.349s] Level 1:colcon.colcon_core.package_identification:_identify(/home/jh/ros2_ws/src) by extension 'colcon_pkg'
[12.349s] Level 1:colcon.colcon_core.package_identification:_identify(/home/jh/ros2_ws/src) by extensions ['colcon_meta']
[12.349s] Level 1:colcon.colcon_core.package_identification:_identify(/home/jh/ros2_ws/src) by extension 'colcon_meta'
[12.349s] Level 1:colcon.colcon_core.package_identification:_identify(/home/jh/ros2_ws/src) by extensions ['ros']
[12.349s] Level 1:colcon.colcon_core.package_identification:_identify(/home/jh/ros2_ws/src) by extension 'ros'
[12.350s] Level 1:colcon.colcon_core.package_identification:_identify(/home/jh/ros2_ws/src) by extensions ['cmake', 'python']
[12.350s] Level 1:colcon.colcon_core.package_identification:_identify(/home/jh/ros2_ws/src) by extension 'cmake'
[12.350s] Level 1:colcon.colcon_core.package_identification:_identify(/home/jh/ros2_ws/src) by extension 'python'
[12.350s] Level 1:colcon.colcon_core.package_identification:_identify(/home/jh/ros2_ws/src) by extensions ['python_setup_py']
[12.350s] Level 1:colcon.colcon_core.package_identification:_identify(/home/jh/ros2_ws/src) by extension 'python_setup_py'
[12.351s] Level 1:colcon.colcon_core.package_identification:_identify(/home/jh/ros2_ws/src/picar_b2_base) by extensions ['ignore', 'ignore_ament_install']
[12.351s] Level 1:colcon.colcon_core.package_identification:_identify(/home/jh/ros2_ws/src/picar_b2_base) by extension 'ignore'
[12.351s] Level 1:colcon.colcon_core.package_identification:_identify(/home/jh/ros2_ws/src/picar_b2_base) by extension 'ignore_ament_install'
[12.351s] Level 1:colcon.colcon_core.package_identification:_identify(/home/jh/ros2_ws/src/picar_b2_base) by extensions ['colcon_pkg']
[12.352s] Level 1:colcon.colcon_core.package_identification:_identify(/home/jh/ros2_ws/src/picar_b2_base) by extension 'colcon_pkg'
[12.352s] Level 1:colcon.colcon_core.package_identification:_identify(/home/jh/ros2_ws/src/picar_b2_base) by extensions ['colcon_meta']
[12.352s] Level 1:colcon.colcon_core.package_identification:_identify(/home/jh/ros2_ws/src/picar_b2_base) by extension 'colcon_meta'
[12.352s] Level 1:colcon.colcon_core.package_identification:_identify(/home/jh/ros2_ws/src/picar_b2_base) by extensions ['ros']
[12.352s] Level 1:colcon.colcon_core.package_identification:_identify(/home/jh/ros2_ws/src/picar_b2_base) by extension 'ros'
[12.540s] DEBUG:colcon.colcon_core.package_identification:Package '/home/jh/ros2_ws/src/picar_b2_base' with type 'ros.ament_python' and name 'picar_b2_base'
[12.540s] Level 1:colcon.colcon_core.package_discovery:discover_packages(recursive) using defaults
